<?xml version="1.0" encoding="UTF-8"?>
<testsuite xmlns:xsi="http://www.w3.org/2001/XMLSchema-instance" xsi:noNamespaceSchemaLocation="https://maven.apache.org/surefire/maven-surefire-plugin/xsd/surefire-test-report.xsd" name="TestSuite" time="121.667" tests="55" errors="0" skipped="0" failures="2">
  <properties>
    <property name="java.runtime.name" value="Java(TM) SE Runtime Environment"/>
    <property name="sun.boot.library.path" value="C:\Program Files\Java\jre1.8.0_131\bin"/>
    <property name="java.vm.version" value="25.131-b11"/>
    <property name="java.vm.vendor" value="Oracle Corporation"/>
    <property name="maven.multiModuleProjectDirectory" value="C:\Users\NS\git\project_synchoft\shalmi2"/>
    <property name="java.vendor.url" value="http://java.oracle.com/"/>
    <property name="path.separator" value=";"/>
    <property name="guice.disable.misplaced.annotation.check" value="true"/>
    <property name="java.vm.name" value="Java HotSpot(TM) Client VM"/>
    <property name="file.encoding.pkg" value="sun.io"/>
    <property name="user.script" value=""/>
    <property name="user.country" value="US"/>
    <property name="sun.java.launcher" value="SUN_STANDARD"/>
    <property name="sun.os.patch.level" value="Service Pack 1"/>
    <property name="java.vm.specification.name" value="Java Virtual Machine Specification"/>
    <property name="user.dir" value="C:\Users\NS\git\project_synchoft\shalmi2"/>
    <property name="java.runtime.version" value="1.8.0_131-b11"/>
    <property name="java.awt.graphicsenv" value="sun.awt.Win32GraphicsEnvironment"/>
    <property name="java.endorsed.dirs" value="C:\Program Files\Java\jre1.8.0_131\lib\endorsed"/>
    <property name="os.arch" value="x86"/>
    <property name="java.io.tmpdir" value="C:\Users\NS\AppData\Local\Temp\"/>
    <property name="line.separator" value="&#10;"/>
    <property name="java.vm.specification.vendor" value="Oracle Corporation"/>
    <property name="user.variant" value=""/>
    <property name="os.name" value="Windows 7"/>
    <property name="classworlds.conf" value="D:\eclipse\workspace\.metadata\.plugins\org.eclipse.m2e.launching\launches\m2conf9089330963954329104.tmp"/>
    <property name="sun.jnu.encoding" value="Cp1252"/>
    <property name="java.library.path" value="C:\Program Files\Java\jre1.8.0_131\bin;C:\Windows\Sun\Java\bin;C:\Windows\system32;C:\Windows;C:/Program Files/Java/jre1.8.0_131/bin/client;C:/Program Files/Java/jre1.8.0_131/bin;C:/Program Files/Java/jre1.8.0_131/lib/i386;C:\ProgramData\Oracle\Java\javapath;C:\Program Files\Intel\iCLS Client\;C:\Windows\system32;C:\Windows;C:\Windows\System32\Wbem;C:\Windows\System32\WindowsPowerShell\v1.0\;C:\Program Files\Intel\Intel(R) Management Engine Components\DAL;C:\Program Files\Intel\Intel(R) Management Engine Components\IPT;C:\Program Files\OpenVPN\;C:\Program Files\Java\jdk1.8.0_131\bin;D:\eclipse\apache-maven-3.5.0\bin;C:\Program Files\Skype\Phone\;C:\Program Files\Git\cmd;D:\eclipse;;."/>
    <property name="java.specification.name" value="Java Platform API Specification"/>
    <property name="java.class.version" value="52.0"/>
    <property name="sun.management.compiler" value="HotSpot Client Compiler"/>
    <property name="os.version" value="6.1"/>
    <property name="user.home" value="C:\Users\NS"/>
    <property name="user.timezone" value="Asia/Karachi"/>
    <property name="java.awt.printerjob" value="sun.awt.windows.WPrinterJob"/>
    <property name="java.specification.version" value="1.8"/>
    <property name="file.encoding" value="Cp1252"/>
    <property name="user.name" value="NS"/>
    <property name="java.class.path" value="/D:/eclipse/plugins/org.eclipse.m2e.maven.runtime_1.7.0.20160603-1931/jars/plexus-classworlds-2.5.2.jar"/>
    <property name="java.vm.specification.version" value="1.8"/>
    <property name="sun.arch.data.model" value="32"/>
    <property name="java.home" value="C:\Program Files\Java\jre1.8.0_131"/>
    <property name="sun.java.command" value="org.codehaus.plexus.classworlds.launcher.Launcher -B test"/>
    <property name="java.specification.vendor" value="Oracle Corporation"/>
    <property name="user.language" value="en"/>
    <property name="awt.toolkit" value="sun.awt.windows.WToolkit"/>
    <property name="java.vm.info" value="mixed mode"/>
    <property name="java.version" value="1.8.0_131"/>
    <property name="java.ext.dirs" value="C:\Program Files\Java\jre1.8.0_131\lib\ext;C:\Windows\Sun\Java\lib\ext"/>
    <property name="sun.boot.class.path" value="C:\Program Files\Java\jre1.8.0_131\lib\resources.jar;C:\Program Files\Java\jre1.8.0_131\lib\rt.jar;C:\Program Files\Java\jre1.8.0_131\lib\sunrsasign.jar;C:\Program Files\Java\jre1.8.0_131\lib\jsse.jar;C:\Program Files\Java\jre1.8.0_131\lib\jce.jar;C:\Program Files\Java\jre1.8.0_131\lib\charsets.jar;C:\Program Files\Java\jre1.8.0_131\lib\jfr.jar;C:\Program Files\Java\jre1.8.0_131\classes"/>
    <property name="java.vendor" value="Oracle Corporation"/>
    <property name="maven.home" value="C:\Users\NS\git\project_synchoft\shalmi2\EMBEDDED"/>
    <property name="file.separator" value="\"/>
    <property name="java.vendor.url.bug" value="http://bugreport.sun.com/bugreport/"/>
    <property name="sun.cpu.endian" value="little"/>
    <property name="sun.io.unicode.encoding" value="UnicodeLittle"/>
    <property name="sun.desktop" value="windows"/>
    <property name="sun.cpu.isalist" value="pentium_pro+mmx pentium_pro pentium+mmx pentium i486 i386 i86"/>
  </properties>
  <testcase name="Test_Login_Admin" classname="test_cases.Login_Test" time="0.006"/>
  <testcase name="Test_Login_Admin" classname="test_cases.Login_Test" time="2.385"/>
  <testcase name="Test_Login_Admin" classname="test_cases.Login_Test" time="1.696"/>
  <testcase name="Test_Login_Admin" classname="test_cases.Login_Test" time="0.423"/>
  <testcase name="Test_Login_Admin" classname="test_cases.Login_Test" time="0.258"/>
  <testcase name="Test_Login_Admin" classname="test_cases.Login_Test" time="1.087"/>
  <testcase name="Test_Login_Admin" classname="test_cases.Login_Test" time="2.139"/>
  <testcase name="Test_Login_Admin" classname="test_cases.Login_Test" time="0.18"/>
  <testcase name="Test_Login_Admin" classname="test_cases.Login_Test" time="0.001"/>
  <testcase name="Test_Login_Admin" classname="test_cases.Login_Test" time="3.48"/>
  <testcase name="Test_Login_Admin" classname="test_cases.Login_Test" time="1.705"/>
  <testcase name="Test_Login_Admin" classname="test_cases.Login_Test" time="2.009"/>
  <testcase name="Test_Login_Admin" classname="test_cases.Login_Test" time="2.955"/>
  <testcase name="Test_Login_Admin" classname="test_cases.Login_Test" time="1.899"/>
  <testcase name="Test_Login_Admin" classname="test_cases.Login_Test" time="4.081"/>
  <testcase name="Test_Login_Admin" classname="test_cases.Login_Test" time="2.56"/>
  <testcase name="Test_Login" classname="test_cases.Login_Test" time="0.009"/>
  <testcase name="Test_Login" classname="test_cases.Login_Test" time="1.578"/>
  <testcase name="Test_Login" classname="test_cases.Login_Test" time="1.298"/>
  <testcase name="Test_Login" classname="test_cases.Login_Test" time="0.654"/>
  <testcase name="Test_Login" classname="test_cases.Login_Test" time="0.301"/>
  <testcase name="Test_Login" classname="test_cases.Login_Test" time="2.003"/>
  <testcase name="Test_Login" classname="test_cases.Login_Test" time="0.468"/>
  <testcase name="Test_Login" classname="test_cases.Login_Test" time="0.67"/>
  <testcase name="Test_Login" classname="test_cases.Login_Test" time="2.345">
    <failure message="Invalid parameter:Assert match failed for https://fmlcb.shaalmi.pk/admin/dashboardand foundhttps://fmlcb.shaalmi.pk/login expected [https://fmlcb.shaalmi.pk/admin/dashboard] but found [https://fmlcb.shaalmi.pk/login]" type="java.lang.AssertionError">java.lang.AssertionError: Invalid parameter:Assert match failed for https://fmlcb.shaalmi.pk/admin/dashboardand foundhttps://fmlcb.shaalmi.pk/login expected [https://fmlcb.shaalmi.pk/admin/dashboard] but found [https://fmlcb.shaalmi.pk/login]
	at test_cases.Login_Test.Test_Login(Login_Test.java:23)
</failure>
  </testcase>
  <testcase name="Test_Login" classname="test_cases.Login_Test" time="1.035"/>
  <testcase name="Test_Login" classname="test_cases.Login_Test" time="1.006"/>
  <testcase name="Test_Login" classname="test_cases.Login_Test" time="1.359"/>
  <testcase name="Test_Login" classname="test_cases.Login_Test" time="1.176"/>
  <testcase name="Test_Login" classname="test_cases.Login_Test" time="2.006"/>
  <testcase name="Test_Login" classname="test_cases.Login_Test" time="2.072"/>
  <testcase name="Test_Login" classname="test_cases.Login_Test" time="2.464">
    <failure message="Invalid parameter:Assert match failed for https://fmlcb.shaalmi.pk/admin/dashboardand foundhttps://fmlcb.shaalmi.pk/login expected [https://fmlcb.shaalmi.pk/admin/dashboard] but found [https://fmlcb.shaalmi.pk/login]" type="java.lang.AssertionError">java.lang.AssertionError: Invalid parameter:Assert match failed for https://fmlcb.shaalmi.pk/admin/dashboardand foundhttps://fmlcb.shaalmi.pk/login expected [https://fmlcb.shaalmi.pk/admin/dashboard] but found [https://fmlcb.shaalmi.pk/login]
	at test_cases.Login_Test.Test_Login(Login_Test.java:23)
</failure>
  </testcase>
  <testcase name="Test_Login" classname="test_cases.Login_Test" time="1.122"/>
  <testcase name="Test_Login" classname="test_cases.Login_Test" time="1.125"/>
  <testcase name="Test_Login" classname="test_cases.Login_Test" time="1.434"/>
  <testcase name="Test_Login" classname="test_cases.Login_Test" time="2.291"/>
  <testcase name="Test_Login" classname="test_cases.Login_Test" time="4.938"/>
  <testcase name="Test_Login" classname="test_cases.Login_Test" time="3.769"/>
  <testcase name="Test_LogOut" classname="test_cases.Logout_Test" time="0"/>
  <testcase name="Test_LogOut" classname="test_cases.Logout_Test" time="1.398"/>
  <testcase name="Test_LogOut" classname="test_cases.Logout_Test" time="1.723"/>
  <testcase name="Test_LogOut" classname="test_cases.Logout_Test" time="1.334"/>
  <testcase name="Test_LogOut" classname="test_cases.Logout_Test" time="0"/>
  <testcase name="Test_LogOut" classname="test_cases.Logout_Test" time="2.198"/>
  <testcase name="Test_LogOut" classname="test_cases.Logout_Test" time="3.771"/>
  <testcase name="Test_LogOut" classname="test_cases.Logout_Test" time="2"/>
  <testcase name="Test_LogOut" classname="test_cases.Logout_Test" time="0"/>
  <testcase name="Test_LogOut" classname="test_cases.Logout_Test" time="1.424"/>
  <testcase name="Test_LogOut" classname="test_cases.Logout_Test" time="3.365"/>
  <testcase name="Test_LogOut" classname="test_cases.Logout_Test" time="2.002"/>
  <testcase name="Test_Transport_AddMedium" classname="test_cases.Admin_Tests" time="0"/>
  <testcase name="Test_Transport_AddMedium" classname="test_cases.Admin_Tests" time="1.84"/>
  <testcase name="Test_Transport_AddMedium" classname="test_cases.Admin_Tests" time="2.005"/>
  <testcase name="Test_Transport_AddMedium" classname="test_cases.Admin_Tests" time="3.151"/>
  <testcase name="Test_Transport_AddMedium" classname="test_cases.Admin_Tests" time="2.001"/>
</testsuite>