<?xml version="1.0" encoding="UTF-8"?>
<testsuite xmlns:xsi="http://www.w3.org/2001/XMLSchema-instance" xsi:noNamespaceSchemaLocation="https://maven.apache.org/surefire/maven-surefire-plugin/xsd/surefire-test-report.xsd" name="TestSuite" time="41.746" tests="41" errors="0" skipped="0" failures="3">
  <properties>
    <property name="java.vendor" value="Oracle Corporation"/>
    <property name="JOB_NAME" value="Shaalmi_Automation"/>
    <property name="sun.java.launcher" value="SUN_STANDARD"/>
    <property name="NUMBER_OF_PROCESSORS" value="4"/>
    <property name="sun.management.compiler" value="HotSpot 64-Bit Tiered Compilers"/>
    <property name="JENKINS_HOME" value="C:\eclipse\JenkinsRepo"/>
    <property name="FPS_BROWSER_USER_PROFILE_STRING" value="Default"/>
    <property name="HUDSON_SERVER_COOKIE" value="fc0b107f795e968a"/>
    <property name="POM_ARTIFACTID" value="shalmi2"/>
    <property name="os.name" value="Windows 10"/>
    <property name="RegionCode" value="NA"/>
    <property name="sun.boot.class.path" value="C:\Program Files\Java\jdk1.8.0_144\jre\lib\resources.jar;C:\Program Files\Java\jdk1.8.0_144\jre\lib\rt.jar;C:\Program Files\Java\jdk1.8.0_144\jre\lib\sunrsasign.jar;C:\Program Files\Java\jdk1.8.0_144\jre\lib\jsse.jar;C:\Program Files\Java\jdk1.8.0_144\jre\lib\jce.jar;C:\Program Files\Java\jdk1.8.0_144\jre\lib\charsets.jar;C:\Program Files\Java\jdk1.8.0_144\jre\lib\jfr.jar;C:\Program Files\Java\jdk1.8.0_144\jre\classes"/>
    <property name="EXECUTOR_NUMBER" value="0"/>
    <property name="sun.desktop" value="windows"/>
    <property name="PATHEXT" value=".COM;.EXE;.BAT;.CMD;.VBS;.VBE;.JS;.JSE;.WSF;.WSH;.MSC"/>
    <property name="java.vm.specification.vendor" value="Oracle Corporation"/>
    <property name="POM_DISPLAYNAME" value="shalmi2"/>
    <property name="NODE_LABELS" value="master"/>
    <property name="TEMP" value="C:\Users\write\AppData\Local\Temp"/>
    <property name="java.runtime.version" value="1.8.0_144-b01"/>
    <property name="FPS_BROWSER_APP_PROFILE_STRING" value="Internet Explorer"/>
    <property name="user.name" value="write"/>
    <property name="guice.disable.misplaced.annotation.check" value="true"/>
    <property name="CommonProgramW6432" value="C:\Program Files\Common Files"/>
    <property name="ProgramFiles" value="C:\Program Files"/>
    <property name="OnlineServices" value="Online Services"/>
    <property name="PROMPT" value="$P$G"/>
    <property name="user.language" value="en"/>
    <property name="JOB_BASE_NAME" value="Shaalmi_Automation"/>
    <property name="RUN_CHANGES_DISPLAY_URL" value="http://localhost:8080/job/Shaalmi_Automation/6/display/redirect?page=changes"/>
    <property name="BUILD_DISPLAY_NAME" value="#6"/>
    <property name="OneDrive" value="C:\Users\write\OneDrive"/>
    <property name="sun.boot.library.path" value="C:\Program Files\Java\jdk1.8.0_144\jre\bin"/>
    <property name="LOCALAPPDATA" value="C:\Users\write\AppData\Local"/>
    <property name="java.version" value="1.8.0_144"/>
    <property name="PROCESSOR_LEVEL" value="6"/>
    <property name="user.timezone" value="America/New_York"/>
    <property name="USERNAME" value="write"/>
    <property name="sun.arch.data.model" value="64"/>
    <property name="NODE_NAME" value="master"/>
    <property name="java.endorsed.dirs" value="C:\Program Files\Java\jdk1.8.0_144\jre\lib\endorsed"/>
    <property name="BUILD_ID" value="6"/>
    <property name="sun.cpu.isalist" value="amd64"/>
    <property name="sun.jnu.encoding" value="Cp1252"/>
    <property name="file.encoding.pkg" value="sun.io"/>
    <property name="file.separator" value="\"/>
    <property name="java.specification.name" value="Java Platform API Specification"/>
    <property name="HOMEDRIVE" value="C:"/>
    <property name="maven.conf" value="C:\eclipse\apache-maven-3.5.0\conf"/>
    <property name="java.class.version" value="52.0"/>
    <property name="=::" value="::\"/>
    <property name="org.slf4j.simpleLogger.defaultLogLevel" value="info"/>
    <property name="user.country" value="US"/>
    <property name="ALLUSERSPROFILE" value="C:\ProgramData"/>
    <property name="java.home" value="C:\Program Files\Java\jdk1.8.0_144\jre"/>
    <property name="java.vm.info" value="mixed mode"/>
    <property name="os.version" value="10.0"/>
    <property name="platformcode" value="KV"/>
    <property name="=ExitCode" value="00000001"/>
    <property name="RUN_DISPLAY_URL" value="http://localhost:8080/job/Shaalmi_Automation/6/display/redirect"/>
    <property name="POM_VERSION" value="0.0.1-SNAPSHOT"/>
    <property name="TMP" value="C:\Users\write\AppData\Local\Temp"/>
    <property name="path.separator" value=";"/>
    <property name="java.vm.version" value="25.144-b01"/>
    <property name="user.variant" value=""/>
    <property name="GIT_PREVIOUS_COMMIT" value="6357f5c970598393953deb82fc3222d7927c07a5"/>
    <property name="JOB_DISPLAY_URL" value="http://localhost:8080/job/Shaalmi_Automation/display/redirect"/>
    <property name="CommonProgramFiles(x86)" value="C:\Program Files (x86)\Common Files"/>
    <property name="USERDOMAIN_ROAMINGPROFILE" value="DESKTOP-HR6DLCF"/>
    <property name="java.awt.printerjob" value="sun.awt.windows.WPrinterJob"/>
    <property name="CommonProgramFiles" value="C:\Program Files\Common Files"/>
    <property name="sun.io.unicode.encoding" value="UnicodeLittle"/>
    <property name="JAVA_HOME" value="C:\Program Files\Java\jdk1.8.0_144"/>
    <property name="ComSpec" value="C:\WINDOWS\system32\cmd.exe"/>
    <property name="awt.toolkit" value="sun.awt.windows.WToolkit"/>
    <property name="HOMEPATH" value="\Users\write"/>
    <property name="POM_PACKAGING" value="jar"/>
    <property name="user.script" value=""/>
    <property name="COMPUTERNAME" value="DESKTOP-HR6DLCF"/>
    <property name="POM_GROUPID" value="pk.shaalmi.fmlcb"/>
    <property name="user.home" value="C:\Users\write"/>
    <property name="PUBLIC" value="C:\Users\Public"/>
    <property name="BUILD_TAG" value="jenkins-Shaalmi_Automation-6"/>
    <property name="JENKINS_SERVER_COOKIE" value="fc0b107f795e968a"/>
    <property name="HUDSON_URL" value="http://localhost:8080/"/>
    <property name="ProgramData" value="C:\ProgramData"/>
    <property name="java.specification.vendor" value="Oracle Corporation"/>
    <property name="USERPROFILE" value="C:\Users\write"/>
    <property name="CLASSPATH" value=""/>
    <property name="java.vendor.url" value="http://java.oracle.com/"/>
    <property name="java.library.path" value="C:\Program Files\Java\jdk1.8.0_144\bin;C:\WINDOWS\Sun\Java\bin;C:\WINDOWS\system32;C:\WINDOWS;C:\eclipse\apache-maven-3.5.0/bin;C:\Program Files\Java\jdk1.8.0_144/bin;C:\Program Files\Java\jdk1.8.0_144/bin;C:\ProgramData\Oracle\Java\javapath;C:\Program Files (x86)\Intel\iCLS Client\;C:\Program Files\Intel\iCLS Client\;C:\WINDOWS\system32;C:\WINDOWS;C:\WINDOWS\System32\Wbem;C:\WINDOWS\System32\WindowsPowerShell\v1.0\;C:\Program Files (x86)\Intel\Intel(R) Management Engine Components\DAL;C:\Program Files\Intel\Intel(R) Management Engine Components\DAL;C:\Program Files (x86)\Intel\Intel(R) Management Engine Components\IPT;C:\Program Files\Intel\Intel(R) Management Engine Components\IPT;c:\Program Files\Intel\WiFi\bin\;c:\Program Files\Common Files\Intel\WirelessCommon\;C:\Program Files\Java\jdk1.8.0_144\bin;C:\eclipse\apache-maven-3.5.0\bin;C:\Program Files\Git\cmd;C:\Users\write\AppData\Local\Microsoft\WindowsApps;;."/>
    <property name="java.vm.vendor" value="Oracle Corporation"/>
    <property name="APPDATA" value="C:\Users\write\AppData\Roaming"/>
    <property name="java.runtime.name" value="Java(TM) SE Runtime Environment"/>
    <property name="maven.home" value="C:\eclipse\apache-maven-3.5.0"/>
    <property name="java.class.path" value="C:\eclipse\JenkinsRepo\plugins\maven-plugin\WEB-INF\lib\maven35-agent-1.11.jar;C:\eclipse\apache-maven-3.5.0\boot\plexus-classworlds-2.5.2.jar;C:\eclipse\apache-maven-3.5.0/conf/logging"/>
    <property name="sun.java.command" value="jenkins.maven3.agent.Maven35Main C:\eclipse\apache-maven-3.5.0 C:\eclipse\JenkinsRepo\war\WEB-INF\lib\remoting-3.7.jar C:\eclipse\JenkinsRepo\plugins\maven-plugin\WEB-INF\lib\maven35-interceptor-1.11.jar C:\eclipse\JenkinsRepo\plugins\maven-plugin\WEB-INF\lib\maven3-interceptor-commons-1.11.jar 55717"/>
    <property name="Path" value="C:\Program Files\Java\jdk1.8.0_144/bin;C:\ProgramData\Oracle\Java\javapath;C:\Program Files (x86)\Intel\iCLS Client\;C:\Program Files\Intel\iCLS Client\;C:\WINDOWS\system32;C:\WINDOWS;C:\WINDOWS\System32\Wbem;C:\WINDOWS\System32\WindowsPowerShell\v1.0\;C:\Program Files (x86)\Intel\Intel(R) Management Engine Components\DAL;C:\Program Files\Intel\Intel(R) Management Engine Components\DAL;C:\Program Files (x86)\Intel\Intel(R) Management Engine Components\IPT;C:\Program Files\Intel\Intel(R) Management Engine Components\IPT;c:\Program Files\Intel\WiFi\bin\;c:\Program Files\Common Files\Intel\WirelessCommon\;C:\Program Files\Java\jdk1.8.0_144\bin;C:\eclipse\apache-maven-3.5.0\bin;C:\Program Files\Git\cmd;C:\Users\write\AppData\Local\Microsoft\WindowsApps;"/>
    <property name="java.vm.specification.name" value="Java Virtual Machine Specification"/>
    <property name="PROCESSOR_ARCHITECTURE" value="AMD64"/>
    <property name="PATH+JDK" value="C:\Program Files\Java\jdk1.8.0_144/bin"/>
    <property name="PROCESSOR_IDENTIFIER" value="Intel64 Family 6 Model 142 Stepping 9, GenuineIntel"/>
    <property name="SESSIONNAME" value="Console"/>
    <property name="java.vm.specification.version" value="1.8"/>
    <property name="sun.os.patch.level" value=""/>
    <property name="sun.cpu.endian" value="little"/>
    <property name="M2_HOME" value="C:\eclipse\apache-maven-3.5.0"/>
    <property name="java.io.tmpdir" value="C:\Users\write\AppData\Local\Temp\"/>
    <property name="OS" value="Windows_NT"/>
    <property name="HUDSON_HOME" value="C:\eclipse\JenkinsRepo"/>
    <property name="PATH+MAVEN" value="C:\eclipse\apache-maven-3.5.0/bin"/>
    <property name="ProgramFiles(x86)" value="C:\Program Files (x86)"/>
    <property name="BUILD_URL" value="http://localhost:8080/job/Shaalmi_Automation/6/"/>
    <property name="java.vendor.url.bug" value="http://bugreport.sun.com/bugreport/"/>
    <property name="java.awt.graphicsenv" value="sun.awt.Win32GraphicsEnvironment"/>
    <property name="os.arch" value="amd64"/>
    <property name="SystemRoot" value="C:\WINDOWS"/>
    <property name="java.ext.dirs" value="C:\Program Files\Java\jdk1.8.0_144\jre\lib\ext;C:\WINDOWS\Sun\Java\lib\ext"/>
    <property name="user.dir" value="C:\eclipse\GIT_Repo\shalmi2"/>
    <property name="JOB_URL" value="http://localhost:8080/job/Shaalmi_Automation/"/>
    <property name="LOGONSERVER" value="\\DESKTOP-HR6DLCF"/>
    <property name="USERDOMAIN" value="DESKTOP-HR6DLCF"/>
    <property name="line.separator" value="&#10;"/>
    <property name="MAVEN_HOME" value="C:\eclipse\apache-maven-3.5.0"/>
    <property name="java.vm.name" value="Java HotSpot(TM) 64-Bit Server VM"/>
    <property name="BUILD_NUMBER" value="6"/>
    <property name="JENKINS_URL" value="http://localhost:8080/"/>
    <property name="PROCESSOR_REVISION" value="8e09"/>
    <property name="GIT_BRANCH" value="origin/master"/>
    <property name="ProgramW6432" value="C:\Program Files"/>
    <property name="windir" value="C:\WINDOWS"/>
    <property name="GIT_COMMIT" value="023f923f49d288924dd21d8f53646bf894993b4c"/>
    <property name="=C:" value="C:\eclipse"/>
    <property name="file.encoding" value="Cp1252"/>
    <property name="SystemDrive" value="C:"/>
    <property name="maven3.interceptor" value="C:\eclipse\JenkinsRepo\plugins\maven-plugin\WEB-INF\lib\maven35-interceptor-1.11.jar"/>
    <property name="WORKSPACE" value="C:\eclipse\JenkinsRepo\workspace\Shaalmi_Automation"/>
    <property name="maven3.interceptor.common" value="C:\eclipse\JenkinsRepo\plugins\maven-plugin\WEB-INF\lib\maven3-interceptor-commons-1.11.jar"/>
    <property name="java.specification.version" value="1.8"/>
    <property name="PSModulePath" value="C:\Program Files\WindowsPowerShell\Modules;C:\WINDOWS\system32\WindowsPowerShell\v1.0\Modules"/>
    <property name="GIT_URL" value="https://github.com/Naumansh/project_synchloft.git"/>
  </properties>
  <testcase name="Test_Login_Admin" classname="test_cases.Login_Test" time="0.002"/>
  <testcase name="Test_Login_Admin" classname="test_cases.Login_Test" time="4.137"/>
  <testcase name="Test_Login_Admin" classname="test_cases.Login_Test" time="0.038"/>
  <testcase name="Test_Login_Admin" classname="test_cases.Login_Test" time="0.037"/>
  <testcase name="Test_Login_Admin" classname="test_cases.Login_Test" time="0.056"/>
  <testcase name="Test_Login_Admin" classname="test_cases.Login_Test" time="0.1"/>
  <testcase name="Test_Login_Admin" classname="test_cases.Login_Test" time="1.104"/>
  <testcase name="Test_Login_Admin" classname="test_cases.Login_Test" time="0.505"/>
  <testcase name="Test_Login_Admin" classname="test_cases.Login_Test" time="0"/>
  <testcase name="Test_Login_Admin" classname="test_cases.Login_Test" time="1.396"/>
  <testcase name="Test_Login_Admin" classname="test_cases.Login_Test" time="0.078"/>
  <testcase name="Test_Login_Admin" classname="test_cases.Login_Test" time="2.003"/>
  <testcase name="Test_Login_Admin" classname="test_cases.Login_Test" time="0.219"/>
  <testcase name="Test_Login_Admin" classname="test_cases.Login_Test" time="0.045"/>
  <testcase name="Test_Login_Admin" classname="test_cases.Login_Test" time="1.657"/>
  <testcase name="Test_Login_Admin" classname="test_cases.Login_Test" time="1.538"/>
  <testcase name="Test_Login" classname="test_cases.Login_Test" time="0.003"/>
  <testcase name="Test_Login" classname="test_cases.Login_Test" time="0.008"/>
  <testcase name="Test_Login" classname="test_cases.Login_Test" time="0.068"/>
  <testcase name="Test_Login" classname="test_cases.Login_Test" time="1.966"/>
  <testcase name="Test_Login" classname="test_cases.Login_Test" time="0.288"/>
  <testcase name="Test_Login" classname="test_cases.Login_Test" time="0.742"/>
  <testcase name="Test_Login" classname="test_cases.Login_Test" time="0.282"/>
  <testcase name="Test_Login" classname="test_cases.Login_Test" time="0.711"/>
  <testcase name="Test_Login" classname="test_cases.Login_Test" time="1.596">
    <failure message="Invalid parameter:Assert match failed for https://fmlcb.shaalmi.pk/admin/dashboardand foundhttps://fmlcb.shaalmi.pk/login expected [https://fmlcb.shaalmi.pk/admin/dashboard] but found [https://fmlcb.shaalmi.pk/login]" type="java.lang.AssertionError">java.lang.AssertionError: Invalid parameter:Assert match failed for https://fmlcb.shaalmi.pk/admin/dashboardand foundhttps://fmlcb.shaalmi.pk/login expected [https://fmlcb.shaalmi.pk/admin/dashboard] but found [https://fmlcb.shaalmi.pk/login]
	at test_cases.Login_Test.Test_Login(Login_Test.java:23)
</failure>
    <system-out><![CDATA[Test 'Test_Login' FAILED
Priority of this method is 0
.....
]]></system-out>
  </testcase>
  <testcase name="Test_Login" classname="test_cases.Login_Test" time="0.1"/>
  <testcase name="Test_Login" classname="test_cases.Login_Test" time="0.123"/>
  <testcase name="Test_Login" classname="test_cases.Login_Test" time="0.192"/>
  <testcase name="Test_Login" classname="test_cases.Login_Test" time="0.126"/>
  <testcase name="Test_Login" classname="test_cases.Login_Test" time="2.006"/>
  <testcase name="Test_Login" classname="test_cases.Login_Test" time="0.579"/>
  <testcase name="Test_Login" classname="test_cases.Login_Test" time="1.564">
    <failure message="Invalid parameter:Assert match failed for https://fmlcb.shaalmi.pk/admin/dashboardand foundhttps://fmlcb.shaalmi.pk/login expected [https://fmlcb.shaalmi.pk/admin/dashboard] but found [https://fmlcb.shaalmi.pk/login]" type="java.lang.AssertionError">java.lang.AssertionError: Invalid parameter:Assert match failed for https://fmlcb.shaalmi.pk/admin/dashboardand foundhttps://fmlcb.shaalmi.pk/login expected [https://fmlcb.shaalmi.pk/admin/dashboard] but found [https://fmlcb.shaalmi.pk/login]
	at test_cases.Login_Test.Test_Login(Login_Test.java:23)
</failure>
    <system-out><![CDATA[Test 'Test_Login' FAILED
Priority of this method is 0
.....
]]></system-out>
  </testcase>
  <testcase name="Test_Login" classname="test_cases.Login_Test" time="0.1"/>
  <testcase name="Test_Login" classname="test_cases.Login_Test" time="0.033"/>
  <testcase name="Test_Login" classname="test_cases.Login_Test" time="0.136"/>
  <testcase name="Test_Login" classname="test_cases.Login_Test" time="0.06"/>
  <testcase name="Test_Login" classname="test_cases.Login_Test" time="1.043"/>
  <testcase name="Test_Login" classname="test_cases.Login_Test" time="1.581"/>
  <testcase name="Test_Transport_AddMedium" classname="test_cases.Admin_Tests" time="0.001"/>
  <testcase name="Test_Transport_AddMedium" classname="test_cases.Admin_Tests" time="0.086"/>
  <testcase name="Test_Transport_AddMedium" classname="test_cases.Admin_Tests" time="0.075">
    <failure message="&#10;Build info: version: &apos;3.4.0&apos;, revision: &apos;unknown&apos;, time: &apos;unknown&apos;&#10;System info: host: &apos;DESKTOP-HR6DLCF&apos;, ip: &apos;192.168.1.192&apos;, os.name: &apos;Windows 10&apos;, os.arch: &apos;amd64&apos;, os.version: &apos;10.0&apos;, java.version: &apos;1.8.0_144&apos;&#10;Driver info: org.openqa.selenium.firefox.FirefoxDriver&#10;Capabilities [{moz:profile=C:\Users\write\AppData\Local\Temp\rust_mozprofile.m35LzgCXdyXT, rotatable=false, timeouts={implicit=0.0, pageLoad=300000.0, script=30000.0}, pageLoadStrategy=normal, platform=ANY, specificationLevel=0.0, moz:accessibilityChecks=false, acceptInsecureCerts=false, browserVersion=55.0.1, platformVersion=10.0, moz:processID=7276.0, browserName=firefox, javascriptEnabled=true, platformName=windows_nt}]&#10;Session ID: 42b10e13-13c0-4dc0-9e25-6de19d1ce14e" type="org.openqa.selenium.ElementNotInteractableException">org.openqa.selenium.ElementNotInteractableException: 

Build info: version: '3.4.0', revision: 'unknown', time: 'unknown'
System info: host: 'DESKTOP-HR6DLCF', ip: '192.168.1.192', os.name: 'Windows 10', os.arch: 'amd64', os.version: '10.0', java.version: '1.8.0_144'
Driver info: org.openqa.selenium.firefox.FirefoxDriver
Capabilities [{moz:profile=C:\Users\write\AppData\Local\Temp\rust_mozprofile.m35LzgCXdyXT, rotatable=false, timeouts={implicit=0.0, pageLoad=300000.0, script=30000.0}, pageLoadStrategy=normal, platform=ANY, specificationLevel=0.0, moz:accessibilityChecks=false, acceptInsecureCerts=false, browserVersion=55.0.1, platformVersion=10.0, moz:processID=7276.0, browserName=firefox, javascriptEnabled=true, platformName=windows_nt}]
Session ID: 42b10e13-13c0-4dc0-9e25-6de19d1ce14e
	at test_cases.Admin_Tests.Test_Transport_AddMedium(Admin_Tests.java:14)
</failure>
    <system-out><![CDATA[Test 'Test_Transport_AddMedium' FAILED
Priority of this method is 0
.....
]]></system-out>
  </testcase>
</testsuite>