<?xml version="1.0" encoding="UTF-8"?>
<!-- Generated by org.testng.reporters.JUnitReportReporter -->
<testsuite skipped="0" hostname="DESKTOP-HR6DLCF" name="all_operations.Browser_Config" tests="4" failures="0" timestamp="31 Jul 2017 01:48:29 GMT" time="19.569" errors="0">
  <testcase name="LoadBrowser" time="0.003" classname="all_operations.Browser_Config"/>
  <testcase name="LoadBrowser" time="0.001" classname="all_operations.Browser_Config"/>
  <testcase name="LoadBrowser" time="7.676" classname="all_operations.Browser_Config"/>
  <testcase name="LoadBrowser" time="11.889" classname="all_operations.Browser_Config"/>
</testsuite> <!-- all_operations.Browser_Config -->
