<?xml version="1.0" encoding="UTF-8"?>
<!-- Generated by org.testng.reporters.JUnitReportReporter -->
<testsuite skipped="0" hostname="DESKTOP-HR6DLCF" name="all_operations.Browser_Config" tests="2" failures="0" timestamp="28 Jul 2017 06:01:34 GMT" time="7.236" errors="0">
  <testcase name="LoadBrowser" time="0.004" classname="all_operations.Browser_Config"/>
  <testcase name="LoadBrowser" time="7.232" classname="all_operations.Browser_Config"/>
</testsuite> <!-- all_operations.Browser_Config -->
