<?xml version="1.0" encoding="UTF-8"?>
<!-- Generated by org.testng.reporters.JUnitReportReporter -->
<testsuite skipped="0" hostname="DESKTOP-HR6DLCF" name="test_cases.Logout_Test" tests="6" failures="0" timestamp="31 Jul 2017 01:48:29 GMT" time="1.225" errors="0">
  <testcase name="Test_LogOut" time="0.104" classname="test_cases.Logout_Test"/>
  <testcase name="Test_LogOut" time="0.931" classname="test_cases.Logout_Test"/>
  <testcase name="Test_LogOut" time="0.097" classname="test_cases.Logout_Test"/>
  <testcase name="Test_LogOut" time="0.000" classname="test_cases.Logout_Test"/>
  <testcase name="Test_LogOut" time="0.000" classname="test_cases.Logout_Test"/>
  <testcase name="Test_LogOut" time="0.093" classname="test_cases.Logout_Test"/>
</testsuite> <!-- test_cases.Logout_Test -->
