<?xml version="1.0" encoding="UTF-8"?>
<!-- Generated by org.testng.reporters.JUnitReportReporter -->
<testsuite skipped="0" hostname="DESKTOP-HR6DLCF" name="test_cases.Logout_Test" tests="3" failures="0" timestamp="28 Jul 2017 06:01:34 GMT" time="0.933" errors="0">
  <testcase name="Test_LogOut" time="0.000" classname="test_cases.Logout_Test"/>
  <testcase name="Test_LogOut" time="0.098" classname="test_cases.Logout_Test"/>
  <testcase name="Test_LogOut" time="0.835" classname="test_cases.Logout_Test"/>
</testsuite> <!-- test_cases.Logout_Test -->
