<?xml version="1.0" encoding="UTF-8"?>
<!-- Generated by org.testng.reporters.JUnitReportReporter -->
<testsuite skipped="0" hostname="DESKTOP-HR6DLCF" name="all_operations.Browser_Config" tests="6" failures="0" timestamp="06 Aug 2017 14:41:50 GMT" time="14.827" errors="0">
  <testcase name="load_url" time="2.505" classname="all_operations.Browser_Config"/>
  <testcase name="LoadBrowser" time="0.004" classname="all_operations.Browser_Config"/>
  <testcase name="LoadBrowser" time="0.017" classname="all_operations.Browser_Config"/>
  <testcase name="load_url" time="2.423" classname="all_operations.Browser_Config"/>
  <testcase name="LoadBrowser" time="3.695" classname="all_operations.Browser_Config"/>
  <testcase name="LoadBrowser" time="6.183" classname="all_operations.Browser_Config"/>
</testsuite> <!-- all_operations.Browser_Config -->
