<?xml version="1.0" encoding="UTF-8"?>
<!-- Generated by org.testng.reporters.JUnitReportReporter -->
<testsuite skipped="2" hostname="DESKTOP-HR6DLCF" name="test_cases.Logout_Test" tests="2" failures="0" timestamp="04 Aug 2017 16:34:42 GMT" time="0.000" errors="0">
  <testcase name="Test_LogOut" time="0.000" classname="test_cases.Logout_Test">
    <skipped/>
  </testcase> <!-- Test_LogOut -->
  <testcase name="Test_LogOut" time="0.000" classname="test_cases.Logout_Test">
    <skipped/>
  </testcase> <!-- Test_LogOut -->
</testsuite> <!-- test_cases.Logout_Test -->
