<?xml version="1.0" encoding="UTF-8"?>
<!-- Generated by org.testng.reporters.JUnitReportReporter -->
<testsuite skipped="0" hostname="DESKTOP-HR6DLCF" name="test_cases.Admin_Tests" tests="3" failures="0" timestamp="16 Aug 2017 05:57:12 GMT" time="12.538" errors="0">
  <testcase name="Test_Transport_AddMedium" time="0.008" classname="test_cases.Admin_Tests"/>
  <testcase name="Test_Transport_AddMedium" time="0.116" classname="test_cases.Admin_Tests"/>
  <testcase name="Test_Transport_AddMedium" time="12.414" classname="test_cases.Admin_Tests"/>
</testsuite> <!-- test_cases.Admin_Tests -->
