<?xml version="1.0" encoding="UTF-8"?>
<!-- Generated by org.testng.reporters.JUnitReportReporter -->
<testsuite skipped="0" hostname="NS-PC" name="test_cases.Logout_Test" tests="4" failures="0" timestamp="18 Aug 2017 14:43:53 GMT" time="5.007" errors="0">
  <testcase name="Test_LogOut" time="0.000" classname="test_cases.Logout_Test"/>
  <testcase name="Test_LogOut" time="1.975" classname="test_cases.Logout_Test"/>
  <testcase name="Test_LogOut" time="2.002" classname="test_cases.Logout_Test"/>
  <testcase name="Test_LogOut" time="1.030" classname="test_cases.Logout_Test"/>
</testsuite> <!-- test_cases.Logout_Test -->
