<?xml version="1.0" encoding="UTF-8"?>
<!-- Generated by org.testng.reporters.JUnitReportReporter -->
<testsuite skipped="0" hostname="DESKTOP-HR6DLCF" name="test_cases.Login_Test" tests="6" failures="0" timestamp="04 Aug 2017 00:05:23 GMT" time="10.850" errors="0">
  <testcase name="Test_Login_Admin" time="0.112" classname="test_cases.Login_Test"/>
  <testcase name="Test_Login_Admin" time="0.601" classname="test_cases.Login_Test"/>
  <testcase name="Test_Login_Admin" time="0.038" classname="test_cases.Login_Test"/>
  <testcase name="Test_Login_Admin" time="0.385" classname="test_cases.Login_Test"/>
  <testcase name="Test_Login_Admin" time="0.000" classname="test_cases.Login_Test"/>
  <testcase name="Test_Login_Admin" time="9.714" classname="test_cases.Login_Test"/>
</testsuite> <!-- test_cases.Login_Test -->
