<?xml version="1.0" encoding="UTF-8"?>
<!-- Generated by org.testng.reporters.JUnitReportReporter -->
<testsuite skipped="0" hostname="NS-PC" name="test_cases.Login_Test" tests="8" failures="0" timestamp="18 Aug 2017 14:43:53 GMT" time="13.112" errors="0">
  <testcase name="Test_Login_Admin" time="2.010" classname="test_cases.Login_Test"/>
  <testcase name="Test_Login_Admin" time="2.262" classname="test_cases.Login_Test"/>
  <testcase name="Test_Login_Admin" time="2.330" classname="test_cases.Login_Test"/>
  <testcase name="Test_Login_Admin" time="1.288" classname="test_cases.Login_Test"/>
  <testcase name="Test_Login_Admin" time="0.020" classname="test_cases.Login_Test"/>
  <testcase name="Test_Login_Admin" time="1.102" classname="test_cases.Login_Test"/>
  <testcase name="Test_Login_Admin" time="2.883" classname="test_cases.Login_Test"/>
  <testcase name="Test_Login_Admin" time="1.217" classname="test_cases.Login_Test"/>
</testsuite> <!-- test_cases.Login_Test -->
