<?xml version="1.0" encoding="UTF-8"?>
<!-- Generated by org.testng.reporters.JUnitReportReporter -->
<testsuite skipped="0" hostname="DESKTOP-HR6DLCF" name="test_cases.Logout_Test" tests="4" failures="0" timestamp="16 Aug 2017 05:57:12 GMT" time="7.868" errors="0">
  <testcase name="Test_LogOut" time="2.004" classname="test_cases.Logout_Test"/>
  <testcase name="Test_LogOut" time="5.746" classname="test_cases.Logout_Test"/>
  <testcase name="Test_LogOut" time="0.001" classname="test_cases.Logout_Test"/>
  <testcase name="Test_LogOut" time="0.117" classname="test_cases.Logout_Test"/>
</testsuite> <!-- test_cases.Logout_Test -->
