<?xml version="1.0" encoding="UTF-8"?>
<!-- Generated by org.testng.reporters.JUnitReportReporter -->
<testsuite skipped="4" hostname="NS-PC" name="test_cases.Logout_Test" tests="4" failures="0" timestamp="17 Aug 2017 11:42:32 GMT" time="0.000" errors="0">
  <testcase name="Test_LogOut" time="0.000" classname="test_cases.Logout_Test">
    <skipped/>
  </testcase> <!-- Test_LogOut -->
  <testcase name="Test_LogOut" time="0.000" classname="test_cases.Logout_Test">
    <skipped/>
  </testcase> <!-- Test_LogOut -->
  <testcase name="Test_LogOut" time="0.000" classname="test_cases.Logout_Test">
    <skipped/>
  </testcase> <!-- Test_LogOut -->
  <testcase name="Test_LogOut" time="0.000" classname="test_cases.Logout_Test">
    <skipped/>
  </testcase> <!-- Test_LogOut -->
</testsuite> <!-- test_cases.Logout_Test -->
