<?xml version="1.0" encoding="UTF-8"?>
<!-- Generated by org.testng.reporters.JUnitReportReporter -->
<testsuite skipped="0" hostname="DESKTOP-HR6DLCF" name="test_cases.Logout_Test" tests="8" failures="0" timestamp="20 Aug 2017 12:56:51 GMT" time="12.033" errors="0">
  <testcase name="Test_LogOut" time="0.000" classname="test_cases.Logout_Test"/>
  <testcase name="Test_LogOut" time="3.313" classname="test_cases.Logout_Test"/>
  <testcase name="Test_LogOut" time="0.603" classname="test_cases.Logout_Test"/>
  <testcase name="Test_LogOut" time="3.658" classname="test_cases.Logout_Test"/>
  <testcase name="Test_LogOut" time="2.012" classname="test_cases.Logout_Test"/>
  <testcase name="Test_LogOut" time="0.015" classname="test_cases.Logout_Test"/>
  <testcase name="Test_LogOut" time="0.432" classname="test_cases.Logout_Test"/>
  <testcase name="Test_LogOut" time="2.000" classname="test_cases.Logout_Test"/>
</testsuite> <!-- test_cases.Logout_Test -->
