<?xml version="1.0" encoding="UTF-8"?>
<!-- Generated by org.testng.reporters.JUnitReportReporter -->
<testsuite skipped="2" hostname="DESKTOP-HR6DLCF" name="test_cases.Login_Test" tests="2" failures="0" timestamp="04 Aug 2017 16:57:29 GMT" time="0.000" errors="0">
  <testcase name="Test_Login" time="0.000" classname="test_cases.Login_Test">
    <skipped/>
  </testcase> <!-- Test_Login -->
  <testcase name="Test_Login_Admin" time="0.000" classname="test_cases.Login_Test">
    <skipped/>
  </testcase> <!-- Test_Login_Admin -->
</testsuite> <!-- test_cases.Login_Test -->
