<?xml version="1.0" encoding="UTF-8"?>
<!-- Generated by org.testng.reporters.JUnitReportReporter -->
<testsuite skipped="0" hostname="DESKTOP-HR6DLCF" name="test_cases.Login_Test" tests="8" failures="0" timestamp="13 Aug 2017 00:29:02 GMT" time="7.475" errors="0">
  <testcase name="Test_Login_Admin" time="0.290" classname="test_cases.Login_Test"/>
  <testcase name="Test_Login_Admin" time="0.004" classname="test_cases.Login_Test"/>
  <testcase name="Test_Login_Admin" time="2.002" classname="test_cases.Login_Test"/>
  <testcase name="Test_Login_Admin" time="0.100" classname="test_cases.Login_Test"/>
  <testcase name="Test_Login_Admin" time="0.049" classname="test_cases.Login_Test"/>
  <testcase name="Test_Login_Admin" time="1.569" classname="test_cases.Login_Test"/>
  <testcase name="Test_Login_Admin" time="2.052" classname="test_cases.Login_Test"/>
  <testcase name="Test_Login_Admin" time="1.409" classname="test_cases.Login_Test"/>
</testsuite> <!-- test_cases.Login_Test -->
