<?xml version="1.0" encoding="UTF-8"?>
<!-- Generated by org.testng.reporters.JUnitReportReporter -->
<testsuite skipped="2" hostname="DESKTOP-HR6DLCF" name="all_operations.Browser_Config" tests="2" failures="0" timestamp="04 Aug 2017 16:57:29 GMT" time="0.000" errors="0">
  <testcase name="LoadBrowser" time="0.000" classname="all_operations.Browser_Config">
    <skipped/>
  </testcase> <!-- LoadBrowser -->
  <testcase name="LoadBrowser" time="0.000" classname="all_operations.Browser_Config">
    <skipped/>
  </testcase> <!-- LoadBrowser -->
</testsuite> <!-- all_operations.Browser_Config -->
