<?xml version="1.0" encoding="UTF-8"?>
<!-- Generated by org.testng.reporters.JUnitReportReporter -->
<testsuite skipped="0" hostname="NS-PC" name="test_cases.Admin_Tests" tests="7" failures="0" timestamp="18 Aug 2017 14:43:53 GMT" time="14.074" errors="0">
  <testcase name="Test_Transport_DELMedium" time="1.082" classname="test_cases.Admin_Tests"/>
  <testcase name="Test_Transport_DELMedium" time="5.320" classname="test_cases.Admin_Tests"/>
  <testcase name="Test_Transport_DELMedium" time="2.001" classname="test_cases.Admin_Tests"/>
  <testcase name="Test_Transport_DELMedium" time="0.007" classname="test_cases.Admin_Tests"/>
  <testcase name="Test_Transport_DELMedium" time="1.930" classname="test_cases.Admin_Tests"/>
  <testcase name="Test_Transport_DELMedium" time="1.729" classname="test_cases.Admin_Tests"/>
  <testcase name="Test_Transport_DELMedium" time="2.005" classname="test_cases.Admin_Tests"/>
</testsuite> <!-- test_cases.Admin_Tests -->
