<?xml version="1.0" encoding="UTF-8"?>
<!-- Generated by org.testng.reporters.JUnitReportReporter -->
<testsuite skipped="0" hostname="DESKTOP-HR6DLCF" name="test_cases.Admin_Tests" tests="3" failures="0" timestamp="13 Aug 2017 00:29:02 GMT" time="0.688" errors="0">
  <testcase name="Test_Transport_AddMedium" time="0.100" classname="test_cases.Admin_Tests"/>
  <testcase name="Test_Transport_AddMedium" time="0.587" classname="test_cases.Admin_Tests"/>
  <testcase name="Test_Transport_AddMedium" time="0.001" classname="test_cases.Admin_Tests"/>
</testsuite> <!-- test_cases.Admin_Tests -->
