<?xml version="1.0" encoding="UTF-8"?>
<!-- Generated by org.testng.reporters.JUnitReportReporter -->
<testsuite skipped="8" hostname="NS-PC" name="test_cases.Login_Test" tests="8" failures="0" timestamp="17 Aug 2017 11:42:32 GMT" time="0.000" errors="0">
  <testcase name="Test_Login_Admin" time="0.000" classname="test_cases.Login_Test">
    <skipped/>
  </testcase> <!-- Test_Login_Admin -->
  <testcase name="Test_Login_Admin" time="0.000" classname="test_cases.Login_Test">
    <skipped/>
  </testcase> <!-- Test_Login_Admin -->
  <testcase name="Test_Login_Admin" time="0.000" classname="test_cases.Login_Test">
    <skipped/>
  </testcase> <!-- Test_Login_Admin -->
  <testcase name="Test_Login_Admin" time="0.000" classname="test_cases.Login_Test">
    <skipped/>
  </testcase> <!-- Test_Login_Admin -->
  <testcase name="Test_Login_Admin" time="0.000" classname="test_cases.Login_Test">
    <skipped/>
  </testcase> <!-- Test_Login_Admin -->
  <testcase name="Test_Login_Admin" time="0.000" classname="test_cases.Login_Test">
    <skipped/>
  </testcase> <!-- Test_Login_Admin -->
  <testcase name="Test_Login_Admin" time="0.000" classname="test_cases.Login_Test">
    <skipped/>
  </testcase> <!-- Test_Login_Admin -->
  <testcase name="Test_Login_Admin" time="0.000" classname="test_cases.Login_Test">
    <skipped/>
  </testcase> <!-- Test_Login_Admin -->
</testsuite> <!-- test_cases.Login_Test -->
