<?xml version="1.0" encoding="UTF-8"?>
<!-- Generated by org.testng.reporters.JUnitReportReporter -->
<testsuite skipped="0" hostname="DESKTOP-HR6DLCF" name="all_operations.Browser_Config" tests="2" failures="0" timestamp="04 Aug 2017 00:05:23 GMT" time="9.895" errors="0">
  <testcase name="LoadBrowser" time="0.015" classname="all_operations.Browser_Config"/>
  <testcase name="LoadBrowser" time="9.880" classname="all_operations.Browser_Config"/>
</testsuite> <!-- all_operations.Browser_Config -->
