<?xml version="1.0" encoding="UTF-8"?>
<!-- Generated by org.testng.reporters.JUnitReportReporter -->
<testsuite skipped="0" hostname="DESKTOP-HR6DLCF" name="test_cases.Login_Test" tests="8" failures="0" timestamp="16 Aug 2017 05:57:12 GMT" time="49.493" errors="0">
  <testcase name="Test_Login_Admin" time="25.794" classname="test_cases.Login_Test"/>
  <testcase name="Test_Login_Admin" time="0.168" classname="test_cases.Login_Test"/>
  <testcase name="Test_Login_Admin" time="0.000" classname="test_cases.Login_Test"/>
  <testcase name="Test_Login_Admin" time="0.088" classname="test_cases.Login_Test"/>
  <testcase name="Test_Login_Admin" time="0.101" classname="test_cases.Login_Test"/>
  <testcase name="Test_Login_Admin" time="1.517" classname="test_cases.Login_Test"/>
  <testcase name="Test_Login_Admin" time="2.005" classname="test_cases.Login_Test"/>
  <testcase name="Test_Login_Admin" time="19.820" classname="test_cases.Login_Test"/>
</testsuite> <!-- test_cases.Login_Test -->
