<?xml version="1.0" encoding="UTF-8"?>
<!-- Generated by org.testng.reporters.JUnitReportReporter -->
<testsuite skipped="0" hostname="DESKTOP-HR6DLCF" name="test_cases.Logout_Test" tests="4" failures="0" timestamp="20 Aug 2017 18:33:07 GMT" time="5.865" errors="0">
  <testcase name="Test_LogOut" time="2.008" classname="test_cases.Logout_Test"/>
  <testcase name="Test_LogOut" time="0.000" classname="test_cases.Logout_Test"/>
  <testcase name="Test_LogOut" time="3.308" classname="test_cases.Logout_Test"/>
  <testcase name="Test_LogOut" time="0.549" classname="test_cases.Logout_Test"/>
</testsuite> <!-- test_cases.Logout_Test -->
