<?xml version="1.0" encoding="UTF-8"?>
<!-- Generated by org.testng.reporters.JUnitReportReporter -->
<testsuite skipped="0" hostname="DESKTOP-HR6DLCF" name="test_cases.Logout_Test" tests="6" failures="0" timestamp="12 Aug 2017 22:34:50 GMT" time="1.733" errors="0">
  <testcase name="Test_LogOut" time="0.002" classname="test_cases.Logout_Test"/>
  <testcase name="Test_LogOut" time="0.134" classname="test_cases.Logout_Test"/>
  <testcase name="Test_LogOut" time="0.826" classname="test_cases.Logout_Test"/>
  <testcase name="Test_LogOut" time="0.095" classname="test_cases.Logout_Test"/>
  <testcase name="Test_LogOut" time="0.674" classname="test_cases.Logout_Test"/>
  <testcase name="Test_LogOut" time="0.002" classname="test_cases.Logout_Test"/>
</testsuite> <!-- test_cases.Logout_Test -->
