<?xml version="1.0" encoding="UTF-8"?>
<!-- Generated by org.testng.reporters.JUnitReportReporter -->
<testsuite skipped="0" hostname="DESKTOP-HR6DLCF" name="all_operations.Browser_Config" tests="4" failures="0" timestamp="06 Aug 2017 04:34:08 GMT" time="15.132" errors="0">
  <testcase name="LoadBrowser" time="0.003" classname="all_operations.Browser_Config"/>
  <testcase name="LoadBrowser" time="6.889" classname="all_operations.Browser_Config"/>
  <testcase name="LoadBrowser" time="0.008" classname="all_operations.Browser_Config"/>
  <testcase name="LoadBrowser" time="8.232" classname="all_operations.Browser_Config"/>
</testsuite> <!-- all_operations.Browser_Config -->
