<?xml version="1.0" encoding="UTF-8"?>
<!-- Generated by org.testng.reporters.JUnitReportReporter -->
<testsuite skipped="0" hostname="DESKTOP-HR6DLCF" name="test_cases.Logout_Test" tests="6" failures="0" timestamp="07 Aug 2017 05:10:55 GMT" time="2.643" errors="0">
  <testcase name="Test_LogOut" time="0.277" classname="test_cases.Logout_Test"/>
  <testcase name="Test_LogOut" time="1.166" classname="test_cases.Logout_Test"/>
  <testcase name="Test_LogOut" time="0.005" classname="test_cases.Logout_Test"/>
  <testcase name="Test_LogOut" time="0.013" classname="test_cases.Logout_Test"/>
  <testcase name="Test_LogOut" time="0.281" classname="test_cases.Logout_Test"/>
  <testcase name="Test_LogOut" time="0.901" classname="test_cases.Logout_Test"/>
</testsuite> <!-- test_cases.Logout_Test -->
