<?xml version="1.0" encoding="UTF-8"?>
<!-- Generated by org.testng.reporters.JUnitReportReporter -->
<testsuite skipped="5" hostname="NS-PC" name="test_cases.Admin_Tests" tests="5" failures="0" timestamp="17 Aug 2017 11:42:32 GMT" time="0.000" errors="0">
  <testcase name="Test_Transport_AddMedium" time="0.000" classname="test_cases.Admin_Tests">
    <skipped/>
  </testcase> <!-- Test_Transport_AddMedium -->
  <testcase name="Test_Transport_AddMedium" time="0.000" classname="test_cases.Admin_Tests">
    <skipped/>
  </testcase> <!-- Test_Transport_AddMedium -->
  <testcase name="Test_Transport_AddMedium" time="0.000" classname="test_cases.Admin_Tests">
    <skipped/>
  </testcase> <!-- Test_Transport_AddMedium -->
  <testcase name="Test_Transport_AddMedium" time="0.000" classname="test_cases.Admin_Tests">
    <skipped/>
  </testcase> <!-- Test_Transport_AddMedium -->
  <testcase name="Test_Transport_AddMedium" time="0.000" classname="test_cases.Admin_Tests">
    <skipped/>
  </testcase> <!-- Test_Transport_AddMedium -->
</testsuite> <!-- test_cases.Admin_Tests -->
