<?xml version="1.0" encoding="UTF-8"?>
<!-- Generated by org.testng.reporters.JUnitReportReporter -->
<testsuite skipped="0" hostname="DESKTOP-HR6DLCF" name="test_cases.Login_Test" tests="8" failures="0" timestamp="13 Aug 2017 02:36:04 GMT" time="8.466" errors="0">
  <testcase name="Test_Login_Admin" time="0.253" classname="test_cases.Login_Test"/>
  <testcase name="Test_Login_Admin" time="0.020" classname="test_cases.Login_Test"/>
  <testcase name="Test_Login_Admin" time="2.002" classname="test_cases.Login_Test"/>
  <testcase name="Test_Login_Admin" time="0.127" classname="test_cases.Login_Test"/>
  <testcase name="Test_Login_Admin" time="0.057" classname="test_cases.Login_Test"/>
  <testcase name="Test_Login_Admin" time="1.539" classname="test_cases.Login_Test"/>
  <testcase name="Test_Login_Admin" time="3.143" classname="test_cases.Login_Test"/>
  <testcase name="Test_Login_Admin" time="1.325" classname="test_cases.Login_Test"/>
</testsuite> <!-- test_cases.Login_Test -->
