<?xml version="1.0" encoding="UTF-8"?>
<!-- Generated by org.testng.reporters.JUnitReportReporter -->
<testsuite skipped="0" hostname="DESKTOP-HR6DLCF" name="test_cases.Login_Test" tests="8" failures="0" timestamp="20 Aug 2017 18:33:06 GMT" time="31.092" errors="0">
  <testcase name="Test_Login_Admin" time="0.889" classname="test_cases.Login_Test"/>
  <testcase name="Test_Login_Admin" time="0.004" classname="test_cases.Login_Test"/>
  <testcase name="Test_Login_Admin" time="19.182" classname="test_cases.Login_Test"/>
  <testcase name="Test_Login_Admin" time="2.010" classname="test_cases.Login_Test"/>
  <testcase name="Test_Login_Admin" time="1.637" classname="test_cases.Login_Test"/>
  <testcase name="Test_Login_Admin" time="0.472" classname="test_cases.Login_Test"/>
  <testcase name="Test_Login_Admin" time="0.429" classname="test_cases.Login_Test"/>
  <testcase name="Test_Login_Admin" time="6.469" classname="test_cases.Login_Test"/>
</testsuite> <!-- test_cases.Login_Test -->
