<?xml version="1.0" encoding="UTF-8"?>
<!-- Generated by org.testng.reporters.JUnitReportReporter -->
<testsuite skipped="0" hostname="DESKTOP-HR6DLCF" name="all_operations.Browser_Config" tests="6" failures="0" timestamp="07 Aug 2017 05:10:55 GMT" time="18.148" errors="0">
  <testcase name="LoadBrowser" time="6.766" classname="all_operations.Browser_Config"/>
  <testcase name="load_url" time="3.711" classname="all_operations.Browser_Config"/>
  <testcase name="LoadBrowser" time="0.007" classname="all_operations.Browser_Config"/>
  <testcase name="LoadBrowser" time="0.001" classname="all_operations.Browser_Config"/>
  <testcase name="load_url" time="1.293" classname="all_operations.Browser_Config"/>
  <testcase name="LoadBrowser" time="6.370" classname="all_operations.Browser_Config"/>
</testsuite> <!-- all_operations.Browser_Config -->
