<?xml version="1.0" encoding="UTF-8"?>
<!-- Generated by org.testng.reporters.JUnitReportReporter -->
<testsuite skipped="0" hostname="DESKTOP-HR6DLCF" name="test_cases.Admin_Tests" tests="3" failures="0" timestamp="13 Aug 2017 02:36:04 GMT" time="0.754" errors="0">
  <testcase name="Test_Transport_AddMedium" time="0.123" classname="test_cases.Admin_Tests"/>
  <testcase name="Test_Transport_AddMedium" time="0.629" classname="test_cases.Admin_Tests"/>
  <testcase name="Test_Transport_AddMedium" time="0.002" classname="test_cases.Admin_Tests"/>
</testsuite> <!-- test_cases.Admin_Tests -->
